<?xml version="1.0" encoding="UTF-8"?>
<!-- Generated by org.testng.reporters.JUnitReportReporter -->
<testsuite hostname="CHNSHL491979L" failures="0" tests="4" name="com.flipkart.testscenarios.PlaceOrder" time="21.111" errors="0" timestamp="2022-07-07T17:14:44 IST" skipped="0">
  <testcase classname="com.flipkart.testscenarios.PlaceOrder" name="loginTest" time="8.446"/>
  <system-out/>
  <testcase classname="com.flipkart.testscenarios.PlaceOrder" name="searchProductTest" time="3.856"/>
  <system-out/>
  <testcase classname="com.flipkart.testscenarios.PlaceOrder" name="selectProductTest" time="4.503"/>
  <system-out/>
  <testcase classname="com.flipkart.testscenarios.PlaceOrder" name="AddToCartTest" time="4.306"/>
  <system-out/>
</testsuite> <!-- com.flipkart.testscenarios.PlaceOrder -->
